[2026-05-10 20:54] doc_orchestrator: gov_init.py status=critical. Issues: gov_state.json no existe, project_state.json no existe, gov_progress.txt no existe, gov_history.log no existe, git no disponible, governance/su/ no existe, su_sprint_contract.md no existe, sin remoto origin. Proyecto nuevo detectado. Bootstrapping iniciado.
[2026-05-10 20:54] doc_orchestrator: Bootstrapping completado. Infraestructura creada: governance/su/, gov_progress.txt, gov_history.log, gov_state.json, project_state.json, su_sprint_contract.md. Git inicializado. Remote origin configurado: https://github.com/jdrodriguez1000/Simulacion_flores.git. github_remote_configured=true.
[2026-05-10 20:59] doc_orchestrator: gov_init.py (post-bootstrap) status=warning. Issue: remote origin no es alcanzable. Operador informado (U010). Continuando en modo local sin push. Variable de sesion: github_remote_configured=true (push fallara con warning, flujo no se detiene).
[2026-05-10 20:59] doc_orchestrator: sesion iniciada. gov_state.json indica su.phase=interview_phase1. Plan guardado en gov_progress.txt.
[2026-05-10 20:59] doc_orchestrator: Push a origin: ok — bootstrap commit. Remote alcanzable. github_remote_configured=true (reachable).
[2026-05-10 14:00] su_interviewer: Fase 0 completada. Stakeholders mapeados: SPONSOR=Javier D. Rodríguez, TECNICO=Carlos López/disponible=S, USUARIO=María García/disponible=S
[2026-05-10 14:19] su_interviewer: Fase 1 completada. 5 respuestas capturadas en su_interview.md (secciones 1.1–1.5). Commit: SU Phase1 interview completed
[2026-05-10 21:00] doc_orchestrator: stakeholders_mapeados guardados en gov_state.json. TECNICO disponible: S (Carlos Lopez). USUARIO disponible: S (Maria Garcia). gov_state.json actualizado a phase=interview_phase2.
[2026-05-10 21:01] doc_orchestrator: complejidad clasificada como LOW (0 senales P6-1). Senales: ninguna. cb_threshold=2. gov_state.json actualizado.
[2026-05-10 14:59] su_interviewer: Fase 2 completada. Modo P6-2 adaptativo aplicado: complexity=low, preguntas estándar 2.1–2.8 ejecutadas. Secciones 2.1 (cubierto en F1), 2.2–2.8 completadas con 8 secciones. Respuestas documentadas en su_interview.md. Commit: SU Phase2 interview completed
[2026-05-10 21:02] doc_orchestrator: Fase 2 completada. Evaluando condiciones para Fase 2.T y 2.U.
[2026-05-10 21:02] doc_orchestrator: Fase 2.T omitida — complexity=low y/o TECNICO no requerido.
[2026-05-10 21:02] doc_orchestrator: Fase 2.U omitida — complexity=low y/o USUARIO no disponible.
[2026-05-10 21:02] doc_orchestrator: gov_state.json actualizado a phase=needs_analysis.
[2026-05-10 21:03] su_needs_analyzer: análisis completado. Complexity=low. confidence_score=0.90 (LISTO). Gaps: 0 CRITICOS, 2 MENORES, 0 AUSENTES. Umbral=0.75. Acción recomendada: invocar su_synthesizer directamente.
[2026-05-10 21:05] doc_orchestrator: needs_analysis completado. confidence=0.90 (LISTO). Gaps: 0 CRITICOS, 2 MENORES, 0 AUSENTES. Procediendo a sintesis directamente.
[2026-05-10 21:05] doc_orchestrator: iteration_count incrementado a 1. Invocando su_synthesizer para generar su_draft_v1.md.
[2026-05-10 21:10] su_synthesizer: su_draft_v1.md generado. Version: v1. Alertas detectadas: 0. Gaps criticos: 0. Secciones con marcado: 6 (3 PENDIENTE VALIDACION, 2 PENDIENTE validacion tecnica con Carlos Lopez, 2 AMBIGUO). Extended Thinking: no activado. Complexity=low, iteration_count=1.
[2026-05-10 21:08] doc_orchestrator: lanzando su_evaluator y doc_auditor en paralelo para su_draft_v1.md.
[2026-05-11 02:10] doc_auditor: Extended Thinking: no activado. Complexity=low.
[2026-05-11 02:11] doc_auditor: auditoria v1 completada. Gaps CRITICOS: 0, Gaps MENORES: 4, Contradicciones: 0, CRA presentes: 0 de 4. Archivo: governance/su/su_audit_v1.md
[2026-05-10 21:15] su_evaluator: Extended Thinking: no activado. Complexity=low.
[2026-05-10 21:15] su_evaluator: draft v1 evaluado. Score: 0.84. Veredicto: APROBADO. Gaps criticos: 0. Archivo: governance/su/su_review.md
[2026-05-10 21:12] doc_orchestrator: su_evaluator completo v1. Score: 0.84. Veredicto: APROBADO. doc_auditor: 0 gaps CRITICOS, 4 MENORES, 0 contradicciones, 0 CRA. su_review.md fusionado con ambas secciones.
